[2025-06-29T14:11:46.535+0000] {processor.py:161} INFO - Started process (PID=195) to work on /opt/airflow/dags/ml_pipeline_dag.py
[2025-06-29T14:11:46.536+0000] {processor.py:830} INFO - Processing file /opt/airflow/dags/ml_pipeline_dag.py for tasks to queue
[2025-06-29T14:11:46.538+0000] {logging_mixin.py:188} INFO - [2025-06-29T14:11:46.537+0000] {dagbag.py:538} INFO - Filling up the DagBag from /opt/airflow/dags/ml_pipeline_dag.py
[2025-06-29T14:11:46.563+0000] {processor.py:840} INFO - DAG(s) 'ml_engagement_prediction_pipeline' retrieved from /opt/airflow/dags/ml_pipeline_dag.py
[2025-06-29T14:11:46.719+0000] {logging_mixin.py:188} INFO - [2025-06-29T14:11:46.718+0000] {override.py:1769} INFO - Created Permission View: can read on DAG:ml_engagement_prediction_pipeline
[2025-06-29T14:11:46.726+0000] {logging_mixin.py:188} INFO - [2025-06-29T14:11:46.726+0000] {override.py:1769} INFO - Created Permission View: can edit on DAG:ml_engagement_prediction_pipeline
[2025-06-29T14:11:46.730+0000] {logging_mixin.py:188} INFO - [2025-06-29T14:11:46.730+0000] {override.py:1769} INFO - Created Permission View: can delete on DAG:ml_engagement_prediction_pipeline
[2025-06-29T14:11:46.731+0000] {logging_mixin.py:188} INFO - [2025-06-29T14:11:46.730+0000] {dag.py:3033} INFO - Sync 1 DAGs
[2025-06-29T14:11:46.739+0000] {logging_mixin.py:188} INFO - [2025-06-29T14:11:46.739+0000] {dag.py:3055} INFO - Creating ORM DAG for ml_engagement_prediction_pipeline
[2025-06-29T14:11:46.740+0000] {logging_mixin.py:188} INFO - [2025-06-29T14:11:46.740+0000] {dag.py:3820} INFO - Setting next_dagrun for ml_engagement_prediction_pipeline to None, run_after=None
[2025-06-29T14:11:46.756+0000] {processor.py:183} INFO - Processing /opt/airflow/dags/ml_pipeline_dag.py took 0.225 seconds
[2025-06-29T14:12:16.916+0000] {processor.py:161} INFO - Started process (PID=206) to work on /opt/airflow/dags/ml_pipeline_dag.py
[2025-06-29T14:12:16.918+0000] {processor.py:830} INFO - Processing file /opt/airflow/dags/ml_pipeline_dag.py for tasks to queue
[2025-06-29T14:12:16.920+0000] {logging_mixin.py:188} INFO - [2025-06-29T14:12:16.919+0000] {dagbag.py:538} INFO - Filling up the DagBag from /opt/airflow/dags/ml_pipeline_dag.py
[2025-06-29T14:12:16.948+0000] {processor.py:840} INFO - DAG(s) 'ml_engagement_prediction_pipeline' retrieved from /opt/airflow/dags/ml_pipeline_dag.py
[2025-06-29T14:12:17.004+0000] {logging_mixin.py:188} INFO - [2025-06-29T14:12:17.004+0000] {dag.py:3033} INFO - Sync 1 DAGs
[2025-06-29T14:12:17.022+0000] {logging_mixin.py:188} INFO - [2025-06-29T14:12:17.022+0000] {dag.py:3820} INFO - Setting next_dagrun for ml_engagement_prediction_pipeline to None, run_after=None
[2025-06-29T14:12:17.039+0000] {processor.py:183} INFO - Processing /opt/airflow/dags/ml_pipeline_dag.py took 0.134 seconds
[2025-06-29T14:12:47.326+0000] {processor.py:161} INFO - Started process (PID=216) to work on /opt/airflow/dags/ml_pipeline_dag.py
[2025-06-29T14:12:47.327+0000] {processor.py:830} INFO - Processing file /opt/airflow/dags/ml_pipeline_dag.py for tasks to queue
[2025-06-29T14:12:47.330+0000] {logging_mixin.py:188} INFO - [2025-06-29T14:12:47.329+0000] {dagbag.py:538} INFO - Filling up the DagBag from /opt/airflow/dags/ml_pipeline_dag.py
[2025-06-29T14:12:47.406+0000] {processor.py:840} INFO - DAG(s) 'ml_engagement_prediction_pipeline' retrieved from /opt/airflow/dags/ml_pipeline_dag.py
[2025-06-29T14:12:47.464+0000] {logging_mixin.py:188} INFO - [2025-06-29T14:12:47.464+0000] {dag.py:3033} INFO - Sync 1 DAGs
[2025-06-29T14:12:47.482+0000] {logging_mixin.py:188} INFO - [2025-06-29T14:12:47.482+0000] {dag.py:3820} INFO - Setting next_dagrun for ml_engagement_prediction_pipeline to None, run_after=None
[2025-06-29T14:12:47.501+0000] {processor.py:183} INFO - Processing /opt/airflow/dags/ml_pipeline_dag.py took 0.186 seconds
[2025-06-29T14:13:17.597+0000] {processor.py:161} INFO - Started process (PID=227) to work on /opt/airflow/dags/ml_pipeline_dag.py
[2025-06-29T14:13:17.598+0000] {processor.py:830} INFO - Processing file /opt/airflow/dags/ml_pipeline_dag.py for tasks to queue
[2025-06-29T14:13:17.600+0000] {logging_mixin.py:188} INFO - [2025-06-29T14:13:17.599+0000] {dagbag.py:538} INFO - Filling up the DagBag from /opt/airflow/dags/ml_pipeline_dag.py
[2025-06-29T14:13:17.611+0000] {processor.py:840} INFO - DAG(s) 'ml_engagement_prediction_pipeline' retrieved from /opt/airflow/dags/ml_pipeline_dag.py
[2025-06-29T14:13:17.641+0000] {logging_mixin.py:188} INFO - [2025-06-29T14:13:17.641+0000] {dag.py:3033} INFO - Sync 1 DAGs
[2025-06-29T14:13:17.650+0000] {logging_mixin.py:188} INFO - [2025-06-29T14:13:17.650+0000] {dag.py:3820} INFO - Setting next_dagrun for ml_engagement_prediction_pipeline to None, run_after=None
[2025-06-29T14:13:17.661+0000] {processor.py:183} INFO - Processing /opt/airflow/dags/ml_pipeline_dag.py took 0.067 seconds
[2025-06-29T14:13:47.924+0000] {processor.py:161} INFO - Started process (PID=238) to work on /opt/airflow/dags/ml_pipeline_dag.py
[2025-06-29T14:13:47.926+0000] {processor.py:830} INFO - Processing file /opt/airflow/dags/ml_pipeline_dag.py for tasks to queue
[2025-06-29T14:13:47.927+0000] {logging_mixin.py:188} INFO - [2025-06-29T14:13:47.927+0000] {dagbag.py:538} INFO - Filling up the DagBag from /opt/airflow/dags/ml_pipeline_dag.py
[2025-06-29T14:13:47.944+0000] {processor.py:840} INFO - DAG(s) 'ml_engagement_prediction_pipeline' retrieved from /opt/airflow/dags/ml_pipeline_dag.py
[2025-06-29T14:13:47.975+0000] {logging_mixin.py:188} INFO - [2025-06-29T14:13:47.975+0000] {dag.py:3033} INFO - Sync 1 DAGs
[2025-06-29T14:13:47.988+0000] {logging_mixin.py:188} INFO - [2025-06-29T14:13:47.988+0000] {dag.py:3820} INFO - Setting next_dagrun for ml_engagement_prediction_pipeline to None, run_after=None
[2025-06-29T14:13:48.005+0000] {processor.py:183} INFO - Processing /opt/airflow/dags/ml_pipeline_dag.py took 0.085 seconds
[2025-06-29T14:14:18.229+0000] {processor.py:161} INFO - Started process (PID=249) to work on /opt/airflow/dags/ml_pipeline_dag.py
[2025-06-29T14:14:18.231+0000] {processor.py:830} INFO - Processing file /opt/airflow/dags/ml_pipeline_dag.py for tasks to queue
[2025-06-29T14:14:18.232+0000] {logging_mixin.py:188} INFO - [2025-06-29T14:14:18.231+0000] {dagbag.py:538} INFO - Filling up the DagBag from /opt/airflow/dags/ml_pipeline_dag.py
[2025-06-29T14:14:18.246+0000] {processor.py:840} INFO - DAG(s) 'ml_engagement_prediction_pipeline' retrieved from /opt/airflow/dags/ml_pipeline_dag.py
[2025-06-29T14:14:18.275+0000] {logging_mixin.py:188} INFO - [2025-06-29T14:14:18.275+0000] {dag.py:3033} INFO - Sync 1 DAGs
[2025-06-29T14:14:18.284+0000] {logging_mixin.py:188} INFO - [2025-06-29T14:14:18.284+0000] {dag.py:3820} INFO - Setting next_dagrun for ml_engagement_prediction_pipeline to None, run_after=None
[2025-06-29T14:14:18.298+0000] {processor.py:183} INFO - Processing /opt/airflow/dags/ml_pipeline_dag.py took 0.074 seconds
[2025-06-29T14:14:48.596+0000] {processor.py:161} INFO - Started process (PID=260) to work on /opt/airflow/dags/ml_pipeline_dag.py
[2025-06-29T14:14:48.598+0000] {processor.py:830} INFO - Processing file /opt/airflow/dags/ml_pipeline_dag.py for tasks to queue
[2025-06-29T14:14:48.599+0000] {logging_mixin.py:188} INFO - [2025-06-29T14:14:48.599+0000] {dagbag.py:538} INFO - Filling up the DagBag from /opt/airflow/dags/ml_pipeline_dag.py
[2025-06-29T14:14:48.615+0000] {processor.py:840} INFO - DAG(s) 'ml_engagement_prediction_pipeline' retrieved from /opt/airflow/dags/ml_pipeline_dag.py
[2025-06-29T14:14:48.652+0000] {logging_mixin.py:188} INFO - [2025-06-29T14:14:48.652+0000] {dag.py:3033} INFO - Sync 1 DAGs
[2025-06-29T14:14:48.663+0000] {logging_mixin.py:188} INFO - [2025-06-29T14:14:48.662+0000] {dag.py:3820} INFO - Setting next_dagrun for ml_engagement_prediction_pipeline to None, run_after=None
[2025-06-29T14:14:48.683+0000] {processor.py:183} INFO - Processing /opt/airflow/dags/ml_pipeline_dag.py took 0.091 seconds
[2025-06-29T14:15:18.924+0000] {processor.py:161} INFO - Started process (PID=271) to work on /opt/airflow/dags/ml_pipeline_dag.py
[2025-06-29T14:15:18.926+0000] {processor.py:830} INFO - Processing file /opt/airflow/dags/ml_pipeline_dag.py for tasks to queue
[2025-06-29T14:15:18.929+0000] {logging_mixin.py:188} INFO - [2025-06-29T14:15:18.928+0000] {dagbag.py:538} INFO - Filling up the DagBag from /opt/airflow/dags/ml_pipeline_dag.py
[2025-06-29T14:15:18.960+0000] {processor.py:840} INFO - DAG(s) 'ml_engagement_prediction_pipeline' retrieved from /opt/airflow/dags/ml_pipeline_dag.py
[2025-06-29T14:15:18.997+0000] {logging_mixin.py:188} INFO - [2025-06-29T14:15:18.997+0000] {dag.py:3033} INFO - Sync 1 DAGs
[2025-06-29T14:15:19.012+0000] {logging_mixin.py:188} INFO - [2025-06-29T14:15:19.012+0000] {dag.py:3820} INFO - Setting next_dagrun for ml_engagement_prediction_pipeline to None, run_after=None
[2025-06-29T14:15:19.028+0000] {processor.py:183} INFO - Processing /opt/airflow/dags/ml_pipeline_dag.py took 0.113 seconds
[2025-06-29T14:15:49.200+0000] {processor.py:161} INFO - Started process (PID=282) to work on /opt/airflow/dags/ml_pipeline_dag.py
[2025-06-29T14:15:49.202+0000] {processor.py:830} INFO - Processing file /opt/airflow/dags/ml_pipeline_dag.py for tasks to queue
[2025-06-29T14:15:49.204+0000] {logging_mixin.py:188} INFO - [2025-06-29T14:15:49.203+0000] {dagbag.py:538} INFO - Filling up the DagBag from /opt/airflow/dags/ml_pipeline_dag.py
[2025-06-29T14:15:49.222+0000] {processor.py:840} INFO - DAG(s) 'ml_engagement_prediction_pipeline' retrieved from /opt/airflow/dags/ml_pipeline_dag.py
[2025-06-29T14:15:49.265+0000] {logging_mixin.py:188} INFO - [2025-06-29T14:15:49.265+0000] {dag.py:3033} INFO - Sync 1 DAGs
[2025-06-29T14:15:49.278+0000] {logging_mixin.py:188} INFO - [2025-06-29T14:15:49.278+0000] {dag.py:3820} INFO - Setting next_dagrun for ml_engagement_prediction_pipeline to None, run_after=None
[2025-06-29T14:15:49.296+0000] {processor.py:183} INFO - Processing /opt/airflow/dags/ml_pipeline_dag.py took 0.102 seconds
[2025-06-29T14:18:04.266+0000] {processor.py:161} INFO - Started process (PID=217) to work on /opt/airflow/dags/ml_pipeline_dag.py
[2025-06-29T14:18:04.268+0000] {processor.py:830} INFO - Processing file /opt/airflow/dags/ml_pipeline_dag.py for tasks to queue
[2025-06-29T14:18:04.270+0000] {logging_mixin.py:188} INFO - [2025-06-29T14:18:04.269+0000] {dagbag.py:538} INFO - Filling up the DagBag from /opt/airflow/dags/ml_pipeline_dag.py
[2025-06-29T14:18:04.287+0000] {processor.py:840} INFO - DAG(s) 'ml_engagement_prediction_pipeline' retrieved from /opt/airflow/dags/ml_pipeline_dag.py
[2025-06-29T14:18:04.328+0000] {logging_mixin.py:188} INFO - [2025-06-29T14:18:04.328+0000] {dag.py:3033} INFO - Sync 1 DAGs
[2025-06-29T14:18:04.338+0000] {logging_mixin.py:188} INFO - [2025-06-29T14:18:04.338+0000] {dag.py:3820} INFO - Setting next_dagrun for ml_engagement_prediction_pipeline to None, run_after=None
[2025-06-29T14:18:04.353+0000] {processor.py:183} INFO - Processing /opt/airflow/dags/ml_pipeline_dag.py took 0.090 seconds
[2025-06-29T14:18:34.632+0000] {processor.py:161} INFO - Started process (PID=228) to work on /opt/airflow/dags/ml_pipeline_dag.py
[2025-06-29T14:18:34.634+0000] {processor.py:830} INFO - Processing file /opt/airflow/dags/ml_pipeline_dag.py for tasks to queue
[2025-06-29T14:18:34.636+0000] {logging_mixin.py:188} INFO - [2025-06-29T14:18:34.635+0000] {dagbag.py:538} INFO - Filling up the DagBag from /opt/airflow/dags/ml_pipeline_dag.py
[2025-06-29T14:18:34.668+0000] {processor.py:840} INFO - DAG(s) 'ml_engagement_prediction_pipeline' retrieved from /opt/airflow/dags/ml_pipeline_dag.py
[2025-06-29T14:18:34.705+0000] {logging_mixin.py:188} INFO - [2025-06-29T14:18:34.705+0000] {dag.py:3033} INFO - Sync 1 DAGs
[2025-06-29T14:18:34.720+0000] {logging_mixin.py:188} INFO - [2025-06-29T14:18:34.720+0000] {dag.py:3820} INFO - Setting next_dagrun for ml_engagement_prediction_pipeline to None, run_after=None
[2025-06-29T14:18:34.736+0000] {processor.py:183} INFO - Processing /opt/airflow/dags/ml_pipeline_dag.py took 0.111 seconds
[2025-06-29T14:19:04.971+0000] {processor.py:161} INFO - Started process (PID=239) to work on /opt/airflow/dags/ml_pipeline_dag.py
[2025-06-29T14:19:04.973+0000] {processor.py:830} INFO - Processing file /opt/airflow/dags/ml_pipeline_dag.py for tasks to queue
[2025-06-29T14:19:04.975+0000] {logging_mixin.py:188} INFO - [2025-06-29T14:19:04.974+0000] {dagbag.py:538} INFO - Filling up the DagBag from /opt/airflow/dags/ml_pipeline_dag.py
[2025-06-29T14:19:04.997+0000] {processor.py:840} INFO - DAG(s) 'ml_engagement_prediction_pipeline' retrieved from /opt/airflow/dags/ml_pipeline_dag.py
[2025-06-29T14:19:05.035+0000] {logging_mixin.py:188} INFO - [2025-06-29T14:19:05.035+0000] {dag.py:3033} INFO - Sync 1 DAGs
[2025-06-29T14:19:05.046+0000] {logging_mixin.py:188} INFO - [2025-06-29T14:19:05.045+0000] {dag.py:3820} INFO - Setting next_dagrun for ml_engagement_prediction_pipeline to None, run_after=None
[2025-06-29T14:19:05.061+0000] {processor.py:183} INFO - Processing /opt/airflow/dags/ml_pipeline_dag.py took 0.095 seconds
[2025-06-29T14:19:35.242+0000] {processor.py:161} INFO - Started process (PID=250) to work on /opt/airflow/dags/ml_pipeline_dag.py
[2025-06-29T14:19:35.244+0000] {processor.py:830} INFO - Processing file /opt/airflow/dags/ml_pipeline_dag.py for tasks to queue
[2025-06-29T14:19:35.246+0000] {logging_mixin.py:188} INFO - [2025-06-29T14:19:35.245+0000] {dagbag.py:538} INFO - Filling up the DagBag from /opt/airflow/dags/ml_pipeline_dag.py
[2025-06-29T14:19:35.267+0000] {processor.py:840} INFO - DAG(s) 'ml_engagement_prediction_pipeline' retrieved from /opt/airflow/dags/ml_pipeline_dag.py
[2025-06-29T14:19:35.304+0000] {logging_mixin.py:188} INFO - [2025-06-29T14:19:35.304+0000] {dag.py:3033} INFO - Sync 1 DAGs
[2025-06-29T14:19:35.315+0000] {logging_mixin.py:188} INFO - [2025-06-29T14:19:35.315+0000] {dag.py:3820} INFO - Setting next_dagrun for ml_engagement_prediction_pipeline to None, run_after=None
[2025-06-29T14:19:35.329+0000] {processor.py:183} INFO - Processing /opt/airflow/dags/ml_pipeline_dag.py took 0.093 seconds
[2025-06-29T14:20:05.605+0000] {processor.py:161} INFO - Started process (PID=261) to work on /opt/airflow/dags/ml_pipeline_dag.py
[2025-06-29T14:20:05.606+0000] {processor.py:830} INFO - Processing file /opt/airflow/dags/ml_pipeline_dag.py for tasks to queue
[2025-06-29T14:20:05.608+0000] {logging_mixin.py:188} INFO - [2025-06-29T14:20:05.607+0000] {dagbag.py:538} INFO - Filling up the DagBag from /opt/airflow/dags/ml_pipeline_dag.py
[2025-06-29T14:20:05.623+0000] {processor.py:840} INFO - DAG(s) 'ml_engagement_prediction_pipeline' retrieved from /opt/airflow/dags/ml_pipeline_dag.py
[2025-06-29T14:20:05.653+0000] {logging_mixin.py:188} INFO - [2025-06-29T14:20:05.653+0000] {dag.py:3033} INFO - Sync 1 DAGs
[2025-06-29T14:20:05.663+0000] {logging_mixin.py:188} INFO - [2025-06-29T14:20:05.663+0000] {dag.py:3820} INFO - Setting next_dagrun for ml_engagement_prediction_pipeline to None, run_after=None
[2025-06-29T14:20:05.676+0000] {processor.py:183} INFO - Processing /opt/airflow/dags/ml_pipeline_dag.py took 0.074 seconds
[2025-06-29T14:20:35.955+0000] {processor.py:161} INFO - Started process (PID=272) to work on /opt/airflow/dags/ml_pipeline_dag.py
[2025-06-29T14:20:35.957+0000] {processor.py:830} INFO - Processing file /opt/airflow/dags/ml_pipeline_dag.py for tasks to queue
[2025-06-29T14:20:35.959+0000] {logging_mixin.py:188} INFO - [2025-06-29T14:20:35.958+0000] {dagbag.py:538} INFO - Filling up the DagBag from /opt/airflow/dags/ml_pipeline_dag.py
[2025-06-29T14:20:35.986+0000] {processor.py:840} INFO - DAG(s) 'ml_engagement_prediction_pipeline' retrieved from /opt/airflow/dags/ml_pipeline_dag.py
[2025-06-29T14:20:36.050+0000] {logging_mixin.py:188} INFO - [2025-06-29T14:20:36.050+0000] {dag.py:3033} INFO - Sync 1 DAGs
[2025-06-29T14:20:36.064+0000] {logging_mixin.py:188} INFO - [2025-06-29T14:20:36.064+0000] {dag.py:3820} INFO - Setting next_dagrun for ml_engagement_prediction_pipeline to None, run_after=None
[2025-06-29T14:20:36.081+0000] {processor.py:183} INFO - Processing /opt/airflow/dags/ml_pipeline_dag.py took 0.138 seconds
[2025-06-29T14:21:06.230+0000] {processor.py:161} INFO - Started process (PID=284) to work on /opt/airflow/dags/ml_pipeline_dag.py
[2025-06-29T14:21:06.232+0000] {processor.py:830} INFO - Processing file /opt/airflow/dags/ml_pipeline_dag.py for tasks to queue
[2025-06-29T14:21:06.233+0000] {logging_mixin.py:188} INFO - [2025-06-29T14:21:06.233+0000] {dagbag.py:538} INFO - Filling up the DagBag from /opt/airflow/dags/ml_pipeline_dag.py
[2025-06-29T14:21:06.252+0000] {processor.py:840} INFO - DAG(s) 'ml_engagement_prediction_pipeline' retrieved from /opt/airflow/dags/ml_pipeline_dag.py
[2025-06-29T14:21:06.285+0000] {logging_mixin.py:188} INFO - [2025-06-29T14:21:06.284+0000] {dag.py:3033} INFO - Sync 1 DAGs
[2025-06-29T14:21:06.295+0000] {logging_mixin.py:188} INFO - [2025-06-29T14:21:06.295+0000] {dag.py:3820} INFO - Setting next_dagrun for ml_engagement_prediction_pipeline to None, run_after=None
[2025-06-29T14:21:06.308+0000] {processor.py:183} INFO - Processing /opt/airflow/dags/ml_pipeline_dag.py took 0.084 seconds
[2025-06-29T14:21:36.778+0000] {processor.py:161} INFO - Started process (PID=295) to work on /opt/airflow/dags/ml_pipeline_dag.py
[2025-06-29T14:21:36.779+0000] {processor.py:830} INFO - Processing file /opt/airflow/dags/ml_pipeline_dag.py for tasks to queue
[2025-06-29T14:21:36.781+0000] {logging_mixin.py:188} INFO - [2025-06-29T14:21:36.780+0000] {dagbag.py:538} INFO - Filling up the DagBag from /opt/airflow/dags/ml_pipeline_dag.py
[2025-06-29T14:21:36.808+0000] {processor.py:840} INFO - DAG(s) 'ml_engagement_prediction_pipeline' retrieved from /opt/airflow/dags/ml_pipeline_dag.py
[2025-06-29T14:21:36.858+0000] {logging_mixin.py:188} INFO - [2025-06-29T14:21:36.858+0000] {dag.py:3033} INFO - Sync 1 DAGs
[2025-06-29T14:21:36.871+0000] {logging_mixin.py:188} INFO - [2025-06-29T14:21:36.871+0000] {dag.py:3820} INFO - Setting next_dagrun for ml_engagement_prediction_pipeline to None, run_after=None
[2025-06-29T14:21:36.885+0000] {processor.py:183} INFO - Processing /opt/airflow/dags/ml_pipeline_dag.py took 0.114 seconds
[2025-06-29T14:22:07.081+0000] {processor.py:161} INFO - Started process (PID=306) to work on /opt/airflow/dags/ml_pipeline_dag.py
[2025-06-29T14:22:07.082+0000] {processor.py:830} INFO - Processing file /opt/airflow/dags/ml_pipeline_dag.py for tasks to queue
[2025-06-29T14:22:07.084+0000] {logging_mixin.py:188} INFO - [2025-06-29T14:22:07.083+0000] {dagbag.py:538} INFO - Filling up the DagBag from /opt/airflow/dags/ml_pipeline_dag.py
[2025-06-29T14:22:07.103+0000] {processor.py:840} INFO - DAG(s) 'ml_engagement_prediction_pipeline' retrieved from /opt/airflow/dags/ml_pipeline_dag.py
[2025-06-29T14:22:07.138+0000] {logging_mixin.py:188} INFO - [2025-06-29T14:22:07.138+0000] {dag.py:3033} INFO - Sync 1 DAGs
[2025-06-29T14:22:07.150+0000] {logging_mixin.py:188} INFO - [2025-06-29T14:22:07.150+0000] {dag.py:3820} INFO - Setting next_dagrun for ml_engagement_prediction_pipeline to None, run_after=None
[2025-06-29T14:22:07.168+0000] {processor.py:183} INFO - Processing /opt/airflow/dags/ml_pipeline_dag.py took 0.093 seconds
[2025-06-29T14:22:37.400+0000] {processor.py:161} INFO - Started process (PID=317) to work on /opt/airflow/dags/ml_pipeline_dag.py
[2025-06-29T14:22:37.402+0000] {processor.py:830} INFO - Processing file /opt/airflow/dags/ml_pipeline_dag.py for tasks to queue
[2025-06-29T14:22:37.403+0000] {logging_mixin.py:188} INFO - [2025-06-29T14:22:37.403+0000] {dagbag.py:538} INFO - Filling up the DagBag from /opt/airflow/dags/ml_pipeline_dag.py
[2025-06-29T14:22:37.419+0000] {processor.py:840} INFO - DAG(s) 'ml_engagement_prediction_pipeline' retrieved from /opt/airflow/dags/ml_pipeline_dag.py
[2025-06-29T14:22:37.453+0000] {logging_mixin.py:188} INFO - [2025-06-29T14:22:37.453+0000] {dag.py:3033} INFO - Sync 1 DAGs
[2025-06-29T14:22:37.463+0000] {logging_mixin.py:188} INFO - [2025-06-29T14:22:37.462+0000] {dag.py:3820} INFO - Setting next_dagrun for ml_engagement_prediction_pipeline to None, run_after=None
[2025-06-29T14:22:37.474+0000] {processor.py:183} INFO - Processing /opt/airflow/dags/ml_pipeline_dag.py took 0.078 seconds
[2025-06-29T14:23:07.702+0000] {processor.py:161} INFO - Started process (PID=328) to work on /opt/airflow/dags/ml_pipeline_dag.py
[2025-06-29T14:23:07.704+0000] {processor.py:830} INFO - Processing file /opt/airflow/dags/ml_pipeline_dag.py for tasks to queue
[2025-06-29T14:23:07.705+0000] {logging_mixin.py:188} INFO - [2025-06-29T14:23:07.705+0000] {dagbag.py:538} INFO - Filling up the DagBag from /opt/airflow/dags/ml_pipeline_dag.py
[2025-06-29T14:23:07.724+0000] {processor.py:840} INFO - DAG(s) 'ml_engagement_prediction_pipeline' retrieved from /opt/airflow/dags/ml_pipeline_dag.py
[2025-06-29T14:23:07.756+0000] {logging_mixin.py:188} INFO - [2025-06-29T14:23:07.756+0000] {dag.py:3033} INFO - Sync 1 DAGs
[2025-06-29T14:23:07.767+0000] {logging_mixin.py:188} INFO - [2025-06-29T14:23:07.767+0000] {dag.py:3820} INFO - Setting next_dagrun for ml_engagement_prediction_pipeline to None, run_after=None
[2025-06-29T14:23:07.782+0000] {processor.py:183} INFO - Processing /opt/airflow/dags/ml_pipeline_dag.py took 0.091 seconds
[2025-06-29T14:23:38.029+0000] {processor.py:161} INFO - Started process (PID=339) to work on /opt/airflow/dags/ml_pipeline_dag.py
[2025-06-29T14:23:38.030+0000] {processor.py:830} INFO - Processing file /opt/airflow/dags/ml_pipeline_dag.py for tasks to queue
[2025-06-29T14:23:38.032+0000] {logging_mixin.py:188} INFO - [2025-06-29T14:23:38.031+0000] {dagbag.py:538} INFO - Filling up the DagBag from /opt/airflow/dags/ml_pipeline_dag.py
[2025-06-29T14:23:38.053+0000] {processor.py:840} INFO - DAG(s) 'ml_engagement_prediction_pipeline' retrieved from /opt/airflow/dags/ml_pipeline_dag.py
[2025-06-29T14:23:38.091+0000] {logging_mixin.py:188} INFO - [2025-06-29T14:23:38.091+0000] {dag.py:3033} INFO - Sync 1 DAGs
[2025-06-29T14:23:38.102+0000] {logging_mixin.py:188} INFO - [2025-06-29T14:23:38.102+0000] {dag.py:3820} INFO - Setting next_dagrun for ml_engagement_prediction_pipeline to None, run_after=None
[2025-06-29T14:23:38.119+0000] {processor.py:183} INFO - Processing /opt/airflow/dags/ml_pipeline_dag.py took 0.096 seconds
[2025-06-29T14:24:08.341+0000] {processor.py:161} INFO - Started process (PID=350) to work on /opt/airflow/dags/ml_pipeline_dag.py
[2025-06-29T14:24:08.343+0000] {processor.py:830} INFO - Processing file /opt/airflow/dags/ml_pipeline_dag.py for tasks to queue
[2025-06-29T14:24:08.345+0000] {logging_mixin.py:188} INFO - [2025-06-29T14:24:08.344+0000] {dagbag.py:538} INFO - Filling up the DagBag from /opt/airflow/dags/ml_pipeline_dag.py
[2025-06-29T14:24:08.366+0000] {processor.py:840} INFO - DAG(s) 'ml_engagement_prediction_pipeline' retrieved from /opt/airflow/dags/ml_pipeline_dag.py
[2025-06-29T14:24:08.407+0000] {logging_mixin.py:188} INFO - [2025-06-29T14:24:08.407+0000] {dag.py:3033} INFO - Sync 1 DAGs
[2025-06-29T14:24:08.420+0000] {logging_mixin.py:188} INFO - [2025-06-29T14:24:08.420+0000] {dag.py:3820} INFO - Setting next_dagrun for ml_engagement_prediction_pipeline to None, run_after=None
[2025-06-29T14:24:08.436+0000] {processor.py:183} INFO - Processing /opt/airflow/dags/ml_pipeline_dag.py took 0.102 seconds
[2025-06-29T14:24:38.684+0000] {processor.py:161} INFO - Started process (PID=361) to work on /opt/airflow/dags/ml_pipeline_dag.py
[2025-06-29T14:24:38.686+0000] {processor.py:830} INFO - Processing file /opt/airflow/dags/ml_pipeline_dag.py for tasks to queue
[2025-06-29T14:24:38.690+0000] {logging_mixin.py:188} INFO - [2025-06-29T14:24:38.687+0000] {dagbag.py:538} INFO - Filling up the DagBag from /opt/airflow/dags/ml_pipeline_dag.py
[2025-06-29T14:24:38.721+0000] {processor.py:840} INFO - DAG(s) 'ml_engagement_prediction_pipeline' retrieved from /opt/airflow/dags/ml_pipeline_dag.py
[2025-06-29T14:24:38.772+0000] {logging_mixin.py:188} INFO - [2025-06-29T14:24:38.772+0000] {dag.py:3033} INFO - Sync 1 DAGs
[2025-06-29T14:24:38.787+0000] {logging_mixin.py:188} INFO - [2025-06-29T14:24:38.787+0000] {dag.py:3820} INFO - Setting next_dagrun for ml_engagement_prediction_pipeline to None, run_after=None
[2025-06-29T14:24:38.806+0000] {processor.py:183} INFO - Processing /opt/airflow/dags/ml_pipeline_dag.py took 0.129 seconds
[2025-06-29T14:25:08.946+0000] {processor.py:161} INFO - Started process (PID=372) to work on /opt/airflow/dags/ml_pipeline_dag.py
[2025-06-29T14:25:08.948+0000] {processor.py:830} INFO - Processing file /opt/airflow/dags/ml_pipeline_dag.py for tasks to queue
[2025-06-29T14:25:08.950+0000] {logging_mixin.py:188} INFO - [2025-06-29T14:25:08.949+0000] {dagbag.py:538} INFO - Filling up the DagBag from /opt/airflow/dags/ml_pipeline_dag.py
[2025-06-29T14:25:08.963+0000] {processor.py:840} INFO - DAG(s) 'ml_engagement_prediction_pipeline' retrieved from /opt/airflow/dags/ml_pipeline_dag.py
[2025-06-29T14:25:08.992+0000] {logging_mixin.py:188} INFO - [2025-06-29T14:25:08.991+0000] {dag.py:3033} INFO - Sync 1 DAGs
[2025-06-29T14:25:09.002+0000] {logging_mixin.py:188} INFO - [2025-06-29T14:25:09.002+0000] {dag.py:3820} INFO - Setting next_dagrun for ml_engagement_prediction_pipeline to None, run_after=None
[2025-06-29T14:25:09.018+0000] {processor.py:183} INFO - Processing /opt/airflow/dags/ml_pipeline_dag.py took 0.078 seconds
[2025-06-29T14:25:39.345+0000] {processor.py:161} INFO - Started process (PID=383) to work on /opt/airflow/dags/ml_pipeline_dag.py
[2025-06-29T14:25:39.348+0000] {processor.py:830} INFO - Processing file /opt/airflow/dags/ml_pipeline_dag.py for tasks to queue
[2025-06-29T14:25:39.350+0000] {logging_mixin.py:188} INFO - [2025-06-29T14:25:39.349+0000] {dagbag.py:538} INFO - Filling up the DagBag from /opt/airflow/dags/ml_pipeline_dag.py
[2025-06-29T14:25:39.479+0000] {processor.py:840} INFO - DAG(s) 'ml_engagement_prediction_pipeline' retrieved from /opt/airflow/dags/ml_pipeline_dag.py
[2025-06-29T14:25:39.540+0000] {logging_mixin.py:188} INFO - [2025-06-29T14:25:39.539+0000] {dag.py:3033} INFO - Sync 1 DAGs
[2025-06-29T14:25:39.555+0000] {logging_mixin.py:188} INFO - [2025-06-29T14:25:39.555+0000] {dag.py:3820} INFO - Setting next_dagrun for ml_engagement_prediction_pipeline to None, run_after=None
[2025-06-29T14:25:39.575+0000] {processor.py:183} INFO - Processing /opt/airflow/dags/ml_pipeline_dag.py took 0.244 seconds
[2025-06-29T14:26:09.892+0000] {processor.py:161} INFO - Started process (PID=394) to work on /opt/airflow/dags/ml_pipeline_dag.py
[2025-06-29T14:26:09.895+0000] {processor.py:830} INFO - Processing file /opt/airflow/dags/ml_pipeline_dag.py for tasks to queue
[2025-06-29T14:26:09.897+0000] {logging_mixin.py:188} INFO - [2025-06-29T14:26:09.896+0000] {dagbag.py:538} INFO - Filling up the DagBag from /opt/airflow/dags/ml_pipeline_dag.py
[2025-06-29T14:26:09.921+0000] {processor.py:840} INFO - DAG(s) 'ml_engagement_prediction_pipeline' retrieved from /opt/airflow/dags/ml_pipeline_dag.py
[2025-06-29T14:26:09.965+0000] {logging_mixin.py:188} INFO - [2025-06-29T14:26:09.965+0000] {dag.py:3033} INFO - Sync 1 DAGs
[2025-06-29T14:26:09.983+0000] {logging_mixin.py:188} INFO - [2025-06-29T14:26:09.983+0000] {dag.py:3820} INFO - Setting next_dagrun for ml_engagement_prediction_pipeline to None, run_after=None
[2025-06-29T14:26:09.998+0000] {processor.py:183} INFO - Processing /opt/airflow/dags/ml_pipeline_dag.py took 0.114 seconds
[2025-06-29T14:26:40.173+0000] {processor.py:161} INFO - Started process (PID=405) to work on /opt/airflow/dags/ml_pipeline_dag.py
[2025-06-29T14:26:40.175+0000] {processor.py:830} INFO - Processing file /opt/airflow/dags/ml_pipeline_dag.py for tasks to queue
[2025-06-29T14:26:40.177+0000] {logging_mixin.py:188} INFO - [2025-06-29T14:26:40.176+0000] {dagbag.py:538} INFO - Filling up the DagBag from /opt/airflow/dags/ml_pipeline_dag.py
[2025-06-29T14:26:40.201+0000] {processor.py:840} INFO - DAG(s) 'ml_engagement_prediction_pipeline' retrieved from /opt/airflow/dags/ml_pipeline_dag.py
[2025-06-29T14:26:40.243+0000] {logging_mixin.py:188} INFO - [2025-06-29T14:26:40.243+0000] {dag.py:3033} INFO - Sync 1 DAGs
[2025-06-29T14:26:40.256+0000] {logging_mixin.py:188} INFO - [2025-06-29T14:26:40.256+0000] {dag.py:3820} INFO - Setting next_dagrun for ml_engagement_prediction_pipeline to None, run_after=None
[2025-06-29T14:26:40.272+0000] {processor.py:183} INFO - Processing /opt/airflow/dags/ml_pipeline_dag.py took 0.106 seconds
[2025-06-29T14:27:10.499+0000] {processor.py:161} INFO - Started process (PID=416) to work on /opt/airflow/dags/ml_pipeline_dag.py
[2025-06-29T14:27:10.500+0000] {processor.py:830} INFO - Processing file /opt/airflow/dags/ml_pipeline_dag.py for tasks to queue
[2025-06-29T14:27:10.502+0000] {logging_mixin.py:188} INFO - [2025-06-29T14:27:10.501+0000] {dagbag.py:538} INFO - Filling up the DagBag from /opt/airflow/dags/ml_pipeline_dag.py
[2025-06-29T14:27:10.517+0000] {processor.py:840} INFO - DAG(s) 'ml_engagement_prediction_pipeline' retrieved from /opt/airflow/dags/ml_pipeline_dag.py
[2025-06-29T14:27:10.545+0000] {logging_mixin.py:188} INFO - [2025-06-29T14:27:10.545+0000] {dag.py:3033} INFO - Sync 1 DAGs
[2025-06-29T14:27:10.555+0000] {logging_mixin.py:188} INFO - [2025-06-29T14:27:10.555+0000] {dag.py:3820} INFO - Setting next_dagrun for ml_engagement_prediction_pipeline to None, run_after=None
[2025-06-29T14:27:10.569+0000] {processor.py:183} INFO - Processing /opt/airflow/dags/ml_pipeline_dag.py took 0.075 seconds
[2025-06-29T14:27:40.866+0000] {processor.py:161} INFO - Started process (PID=427) to work on /opt/airflow/dags/ml_pipeline_dag.py
[2025-06-29T14:27:40.868+0000] {processor.py:830} INFO - Processing file /opt/airflow/dags/ml_pipeline_dag.py for tasks to queue
[2025-06-29T14:27:40.869+0000] {logging_mixin.py:188} INFO - [2025-06-29T14:27:40.869+0000] {dagbag.py:538} INFO - Filling up the DagBag from /opt/airflow/dags/ml_pipeline_dag.py
[2025-06-29T14:27:40.883+0000] {processor.py:840} INFO - DAG(s) 'ml_engagement_prediction_pipeline' retrieved from /opt/airflow/dags/ml_pipeline_dag.py
[2025-06-29T14:27:40.907+0000] {logging_mixin.py:188} INFO - [2025-06-29T14:27:40.907+0000] {dag.py:3033} INFO - Sync 1 DAGs
[2025-06-29T14:27:40.914+0000] {logging_mixin.py:188} INFO - [2025-06-29T14:27:40.914+0000] {dag.py:3820} INFO - Setting next_dagrun for ml_engagement_prediction_pipeline to None, run_after=None
[2025-06-29T14:27:40.924+0000] {processor.py:183} INFO - Processing /opt/airflow/dags/ml_pipeline_dag.py took 0.062 seconds
[2025-06-29T14:28:11.340+0000] {processor.py:161} INFO - Started process (PID=438) to work on /opt/airflow/dags/ml_pipeline_dag.py
[2025-06-29T14:28:11.343+0000] {processor.py:830} INFO - Processing file /opt/airflow/dags/ml_pipeline_dag.py for tasks to queue
[2025-06-29T14:28:11.345+0000] {logging_mixin.py:188} INFO - [2025-06-29T14:28:11.344+0000] {dagbag.py:538} INFO - Filling up the DagBag from /opt/airflow/dags/ml_pipeline_dag.py
[2025-06-29T14:28:11.374+0000] {processor.py:840} INFO - DAG(s) 'ml_engagement_prediction_pipeline' retrieved from /opt/airflow/dags/ml_pipeline_dag.py
[2025-06-29T14:28:11.420+0000] {logging_mixin.py:188} INFO - [2025-06-29T14:28:11.420+0000] {dag.py:3033} INFO - Sync 1 DAGs
[2025-06-29T14:28:11.432+0000] {logging_mixin.py:188} INFO - [2025-06-29T14:28:11.432+0000] {dag.py:3820} INFO - Setting next_dagrun for ml_engagement_prediction_pipeline to None, run_after=None
[2025-06-29T14:28:11.448+0000] {processor.py:183} INFO - Processing /opt/airflow/dags/ml_pipeline_dag.py took 0.116 seconds
