[2025-06-29T14:11:46.447+0000] {manager.py:469} INFO - Processing files using up to 2 processes at a time 
[2025-06-29T14:11:46.448+0000] {manager.py:470} INFO - Process each file at most once every 30 seconds
[2025-06-29T14:11:46.449+0000] {manager.py:471} INFO - Checking for new files in /opt/airflow/dags every 300 seconds
[2025-06-29T14:11:46.450+0000] {manager.py:738} INFO - Searching for files in /opt/airflow/dags
[2025-06-29T14:11:46.459+0000] {manager.py:741} INFO - There are 1 files in /opt/airflow/dags
[2025-06-29T14:11:46.553+0000] {manager.py:879} INFO - 
================================================================================
DAG File Processing Stats

File Path                               PID  Runtime      # DAGs    # Errors  Last Runtime    Last Run
------------------------------------  -----  ---------  --------  ----------  --------------  ----------
/opt/airflow/dags/ml_pipeline_dag.py    195  0.04s             0           0
================================================================================
[2025-06-29T14:12:16.892+0000] {manager.py:879} INFO - 
================================================================================
DAG File Processing Stats

File Path                               PID  Runtime      # DAGs    # Errors  Last Runtime    Last Run
------------------------------------  -----  ---------  --------  ----------  --------------  -------------------
/opt/airflow/dags/ml_pipeline_dag.py    206  0.01s             1           0  0.26s           2025-06-29T14:11:46
================================================================================
[2025-06-29T14:12:47.304+0000] {manager.py:879} INFO - 
================================================================================
DAG File Processing Stats

File Path                               PID  Runtime      # DAGs    # Errors  Last Runtime    Last Run
------------------------------------  -----  ---------  --------  ----------  --------------  -------------------
/opt/airflow/dags/ml_pipeline_dag.py    216  0.01s             1           0  0.19s           2025-06-29T14:12:17
================================================================================
[2025-06-29T14:13:17.588+0000] {manager.py:879} INFO - 
================================================================================
DAG File Processing Stats

File Path                               PID  Runtime      # DAGs    # Errors  Last Runtime    Last Run
------------------------------------  -----  ---------  --------  ----------  --------------  -------------------
/opt/airflow/dags/ml_pipeline_dag.py    227  0.00s             1           0  0.22s           2025-06-29T14:12:47
================================================================================
